Using pre-set license
Built from '2021.3/staging' branch; Version is '2021.3.2f1 (d6360bedb9a0) revision 14038539'; Using compiler version '192829333'; Build Type 'Release'
OS: 'Windows 10  (10.0.19044) 64bit Professional' Language: 'en' Physical Memory: 16028 MB
BatchMode: 1, IsHumanControllingUs: 0, StartBugReporterOnCrash: 0, Is64bit: 1, IsPro: 1

COMMAND LINE ARGUMENTS:
C:\Program Files\Unity\Hub\Editor\2021.3.2f1\Editor\Unity.exe
-adb2
-batchMode
-noUpm
-name
AssetImportWorker0
-projectPath
C:/Users/SB/Desktop/self development/programming/hackathons/Unity
-logFile
Logs/AssetImportWorker0.log
-srvPort
62835
Successfully changed project path to: C:/Users/SB/Desktop/self development/programming/hackathons/Unity
C:/Users/SB/Desktop/self development/programming/hackathons/Unity
[UnityMemory] Configuration Parameters - Can be set up in boot.config
    "memorysetup-bucket-allocator-granularity=16"
    "memorysetup-bucket-allocator-bucket-count=8"
    "memorysetup-bucket-allocator-block-size=33554432"
    "memorysetup-bucket-allocator-block-count=8"
    "memorysetup-main-allocator-block-size=16777216"
    "memorysetup-thread-allocator-block-size=16777216"
    "memorysetup-gfx-main-allocator-block-size=16777216"
    "memorysetup-gfx-thread-allocator-block-size=16777216"
    "memorysetup-cache-allocator-block-size=4194304"
    "memorysetup-typetree-allocator-block-size=2097152"
    "memorysetup-profiler-bucket-allocator-granularity=16"
    "memorysetup-profiler-bucket-allocator-bucket-count=8"
    "memorysetup-profiler-bucket-allocator-block-size=33554432"
    "memorysetup-profiler-bucket-allocator-block-count=8"
    "memorysetup-profiler-allocator-block-size=16777216"
    "memorysetup-profiler-editor-allocator-block-size=1048576"
    "memorysetup-temp-allocator-size-main=16777216"
    "memorysetup-job-temp-allocator-block-size=2097152"
    "memorysetup-job-temp-allocator-block-size-background=1048576"
    "memorysetup-job-temp-allocator-reduction-small-platforms=262144"
    "memorysetup-temp-allocator-size-background-worker=32768"
    "memorysetup-temp-allocator-size-job-worker=262144"
    "memorysetup-temp-allocator-size-preload-manager=33554432"
    "memorysetup-temp-allocator-size-nav-mesh-worker=65536"
    "memorysetup-temp-allocator-size-audio-worker=65536"
    "memorysetup-temp-allocator-size-cloud-worker=32768"
    "memorysetup-temp-allocator-size-gi-baking-worker=262144"
    "memorysetup-temp-allocator-size-gfx=262144"
Refreshing native plugins compatible for Editor in 115.55 ms, found 2 plugins.
Preloading 0 native plugins for Editor in 0.00 ms.
Initialize engine version: 2021.3.2f1 (d6360bedb9a0)
[Subsystems] Discovering subsystems at path C:/Program Files/Unity/Hub/Editor/2021.3.2f1/Editor/Data/Resources/UnitySubsystems
[Subsystems] Discovering subsystems at path C:/Users/SB/Desktop/self development/programming/hackathons/Unity/Assets
GfxDevice: creating device client; threaded=0; jobified=0
Direct3D:
    Version:  Direct3D 11.0 [level 11.1]
    Renderer: AMD Radeon(TM) RX Vega 10 Graphics (ID=0x15dd)
    Vendor:   ATI
    VRAM:     8014 MB
    Driver:   25.20.14012.22001
Initialize mono
Mono path[0] = 'C:/Program Files/Unity/Hub/Editor/2021.3.2f1/Editor/Data/Managed'
Mono path[1] = 'C:/Program Files/Unity/Hub/Editor/2021.3.2f1/Editor/Data/MonoBleedingEdge/lib/mono/unityjit-win32'
Mono config path = 'C:/Program Files/Unity/Hub/Editor/2021.3.2f1/Editor/Data/MonoBleedingEdge/etc'
Using monoOptions --debugger-agent=transport=dt_socket,embedding=1,server=y,suspend=n,address=127.0.0.1:56112
Begin MonoManager ReloadAssembly
Registering precompiled unity dll's ...
Register platform support module: C:/Program Files/Unity/Hub/Editor/2021.3.2f1/Editor/Data/PlaybackEngines/AndroidPlayer/UnityEditor.Android.Extensions.dll
Register platform support module: C:/Program Files/Unity/Hub/Editor/2021.3.2f1/Editor/Data/PlaybackEngines/WindowsStandaloneSupport/UnityEditor.WindowsStandalone.Extensions.dll
Registered in 0.017971 seconds.
Native extension for WindowsStandalone target not found
Native extension for Android target not found
Refreshing native plugins compatible for Editor in 97.39 ms, found 2 plugins.
Preloading 0 native plugins for Editor in 0.00 ms.
Mono: successfully reloaded assembly
- Completed reload, in  1.311 seconds
Domain Reload Profiling:
	ReloadAssembly (1312ms)
		BeginReloadAssembly (164ms)
			ExecutionOrderSort (0ms)
			DisableScriptedObjects (0ms)
			BackupInstance (0ms)
			ReleaseScriptingObjects (0ms)
			CreateAndSetChildDomain (2ms)
		EndReloadAssembly (902ms)
			LoadAssemblies (160ms)
			RebuildTransferFunctionScriptingTraits (0ms)
			SetupTypeCache (260ms)
			ReleaseScriptCaches (0ms)
			RebuildScriptCaches (52ms)
			SetupLoadedEditorAssemblies (481ms)
				LogAssemblyErrors (0ms)
				InitializePlatformSupportModulesInManaged (109ms)
				SetLoadedEditorAssemblies (1ms)
				RefreshPlugins (98ms)
				BeforeProcessingInitializeOnLoad (2ms)
				ProcessInitializeOnLoadAttributes (180ms)
				ProcessInitializeOnLoadMethodAttributes (91ms)
				AfterProcessingInitializeOnLoad (0ms)
				EditorAssembliesLoaded (0ms)
			ExecutionOrderSort2 (0ms)
			AwakeInstancesAfterBackupRestoration (0ms)
Platform modules already initialized, skipping
Registering precompiled user dll's ...
Registered in 0.019601 seconds.
Begin MonoManager ReloadAssembly
Native extension for WindowsStandalone target not found
Native extension for Android target not found
Refreshing native plugins compatible for Editor in 88.23 ms, found 2 plugins.
Preloading 0 native plugins for Editor in 0.00 ms.
Mono: successfully reloaded assembly
- Completed reload, in  2.339 seconds
Domain Reload Profiling:
	ReloadAssembly (2341ms)
		BeginReloadAssembly (325ms)
			ExecutionOrderSort (0ms)
			DisableScriptedObjects (14ms)
			BackupInstance (0ms)
			ReleaseScriptingObjects (0ms)
			CreateAndSetChildDomain (139ms)
		EndReloadAssembly (1732ms)
			LoadAssemblies (170ms)
			RebuildTransferFunctionScriptingTraits (0ms)
			SetupTypeCache (536ms)
			ReleaseScriptCaches (1ms)
			RebuildScriptCaches (107ms)
			SetupLoadedEditorAssemblies (853ms)
				LogAssemblyErrors (0ms)
				InitializePlatformSupportModulesInManaged (29ms)
				SetLoadedEditorAssemblies (0ms)
				RefreshPlugins (88ms)
				BeforeProcessingInitializeOnLoad (138ms)
				ProcessInitializeOnLoadAttributes (439ms)
				ProcessInitializeOnLoadMethodAttributes (145ms)
				AfterProcessingInitializeOnLoad (14ms)
				EditorAssembliesLoaded (0ms)
			ExecutionOrderSort2 (0ms)
			AwakeInstancesAfterBackupRestoration (9ms)
Platform modules already initialized, skipping
========================================================================
Worker process is ready to serve import requests
Launched and connected shader compiler UnityShaderCompiler.exe after 0.14 seconds
Refreshing native plugins compatible for Editor in 0.80 ms, found 2 plugins.
Preloading 0 native plugins for Editor in 0.00 ms.
Unloading 3442 Unused Serialized files (Serialized files now loaded: 0)
Unloading 29 unused Assets / (0.7 MB). Loaded Objects now: 3910.
Memory consumption went from 157.7 MB to 157.0 MB.
Total: 6.235100 ms (FindLiveObjects: 0.535700 ms CreateObjectMapping: 0.255900 ms MarkObjects: 4.830800 ms  DeleteObjects: 0.610900 ms)

AssetImportParameters requested are different than current active one (requested -> active):
  custom:video-decoder-ogg-theora: a1e56fd34408186e4bbccfd4996cb3dc -> 
  custom:container-muxer-webm: aa71ff27fc2769a1b78a27578f13a17b -> 
  custom:container-demuxer-webm: 4f35f7cbe854078d1ac9338744f61a02 -> 
  custom:video-encoder-webm-vp8: eb34c28f22e8b96e1ab97ce403110664 -> 
  custom:audio-encoder-webm-vorbis: bf7c407c2cedff20999df2af8eb42d56 -> 
  custom:framework-win-MediaFoundation: 216162199b28c13a410421893ffa2e32 -> 
  custom:container-demuxer-ogg: 62fdf1f143b41e24485cea50d1cbac27 -> 
  custom:video-decoder-webm-vp8: 9c59270c3fd7afecdb556c50c9e8de78 -> 
  custom:audio-decoder-ogg-vorbis: bf7c407c2cedff20999df2af8eb42d56 -> 
========================================================================
Received Import Request.
  Time since last request: 117962.938058 seconds.
  path: Assets/Materials/RedColor.mat
  artifactKey: Guid(f40162a4c6cf70a4f8268a13123f3cf7) Importer(815301076,1909f56bfc062723c751e8b465ee728b)
Start importing Assets/Materials/RedColor.mat using Guid(f40162a4c6cf70a4f8268a13123f3cf7) Importer(815301076,1909f56bfc062723c751e8b465ee728b)  -> (artifact id: '534345ad13c9d27990b9bc48db6d5ab6') in 0.502653 seconds 
========================================================================
Received Import Request.
  Time since last request: 0.000045 seconds.
  path: Assets/Materials
  artifactKey: Guid(13aecf6247ea0f649987831e15e214ea) Importer(815301076,1909f56bfc062723c751e8b465ee728b)
Start importing Assets/Materials using Guid(13aecf6247ea0f649987831e15e214ea) Importer(815301076,1909f56bfc062723c751e8b465ee728b)  -> (artifact id: 'bdf56dfe543938033d66595f5344ec05') in 0.008964 seconds 
========================================================================
Received Import Request.
  Time since last request: 0.000060 seconds.
  path: Assets/Materials/MoleColors/BrownColor.mat
  artifactKey: Guid(76d0ff90cabaf8d4b9c7389d66d12d6e) Importer(815301076,1909f56bfc062723c751e8b465ee728b)
Start importing Assets/Materials/MoleColors/BrownColor.mat using Guid(76d0ff90cabaf8d4b9c7389d66d12d6e) Importer(815301076,1909f56bfc062723c751e8b465ee728b)  -> (artifact id: 'a5d0842677b54994dc2191f5f22f9ea2') in 0.038677 seconds 
========================================================================
Received Import Request.
  Time since last request: 0.000037 seconds.
  path: Assets/Materials/MoleColors/Moustache.mat
  artifactKey: Guid(1147bb300d201db4382a35b2e3e3b50c) Importer(815301076,1909f56bfc062723c751e8b465ee728b)
Start importing Assets/Materials/MoleColors/Moustache.mat using Guid(1147bb300d201db4382a35b2e3e3b50c) Importer(815301076,1909f56bfc062723c751e8b465ee728b)  -> (artifact id: 'd39a62b2dcfcd45a766f3e41d6c2bee8') in 0.038534 seconds 
========================================================================
Received Import Request.
  Time since last request: 0.000045 seconds.
  path: Assets/Hammer
  artifactKey: Guid(42b558bca066d974eb6ff8f982656a00) Importer(815301076,1909f56bfc062723c751e8b465ee728b)
Start importing Assets/Hammer using Guid(42b558bca066d974eb6ff8f982656a00) Importer(815301076,1909f56bfc062723c751e8b465ee728b)  -> (artifact id: '7d1b41025a63cc52183880b268017785') in 0.011196 seconds 
========================================================================
Received Import Request.
  Time since last request: 0.000056 seconds.
  path: Assets/Materials/New Material.mat
  artifactKey: Guid(87c0754b4c1f0fc42baecf452f83b38a) Importer(815301076,1909f56bfc062723c751e8b465ee728b)
Start importing Assets/Materials/New Material.mat using Guid(87c0754b4c1f0fc42baecf452f83b38a) Importer(815301076,1909f56bfc062723c751e8b465ee728b)  -> (artifact id: '0902e798c8a23fcc2463fca48f31b079') in 0.031320 seconds 
========================================================================
Received Import Request.
  Time since last request: 9.012031 seconds.
  path: Assets/SimpleHands/Materials
  artifactKey: Guid(fd0bdc9452bca4ca19611fd2e4d124b5) Importer(815301076,1909f56bfc062723c751e8b465ee728b)
Start importing Assets/SimpleHands/Materials using Guid(fd0bdc9452bca4ca19611fd2e4d124b5) Importer(815301076,1909f56bfc062723c751e8b465ee728b)  -> (artifact id: 'ba1bbff45cec816ce409c95b78942d15') in 0.008668 seconds 
========================================================================
Received Import Request.
  Time since last request: 0.054749 seconds.
  path: Assets/SimpleHands/Materials/Black-Hand.mat
  artifactKey: Guid(9d4be41a1bffd4c23a37e05fa34360ab) Importer(815301076,1909f56bfc062723c751e8b465ee728b)
Start importing Assets/SimpleHands/Materials/Black-Hand.mat using Guid(9d4be41a1bffd4c23a37e05fa34360ab) Importer(815301076,1909f56bfc062723c751e8b465ee728b)  -> (artifact id: '4f2bde5a2b926284940c9ce8b5818bc9') in 2.571469 seconds 
========================================================================
Received Import Request.
  Time since last request: 6.193093 seconds.
  path: Assets/SimpleHands/Demo/DemoSource/New Material.mat
  artifactKey: Guid(af997721cb0304f89a2cb8bfdc122874) Importer(815301076,1909f56bfc062723c751e8b465ee728b)
Start importing Assets/SimpleHands/Demo/DemoSource/New Material.mat using Guid(af997721cb0304f89a2cb8bfdc122874) Importer(815301076,1909f56bfc062723c751e8b465ee728b)  -> (artifact id: '73a83a3e4300318435658c5cff09c44c') in 0.028587 seconds 
========================================================================
Received Import Request.
  Time since last request: 1.927513 seconds.
  path: Assets/SimpleHands/Demo/SimpleHands.unity
  artifactKey: Guid(cddec4710686f41f7beaf4c5498d7775) Importer(815301076,1909f56bfc062723c751e8b465ee728b)
Start importing Assets/SimpleHands/Demo/SimpleHands.unity using Guid(cddec4710686f41f7beaf4c5498d7775) Importer(815301076,1909f56bfc062723c751e8b465ee728b)  -> (artifact id: '348242f2854b9cd5f96cf9e7dc78b399') in 0.011082 seconds 
========================================================================
Received Import Request.
  Time since last request: 89.347202 seconds.
  path: Assets/Scenes/MainScene.unity
  artifactKey: Guid(3a17aa8591012d34c88d59735d6e02ee) Importer(815301076,1909f56bfc062723c751e8b465ee728b)
Start importing Assets/Scenes/MainScene.unity using Guid(3a17aa8591012d34c88d59735d6e02ee) Importer(815301076,1909f56bfc062723c751e8b465ee728b)  -> (artifact id: 'ceb94340008b9dbff718c00180644f98') in 0.011284 seconds 
